<?xml version="1.0" encoding="UTF-8"?>
<testng-results skipped="0" failed="0" ignored="0" total="1" passed="1">
  <reporter-output>
  </reporter-output>
  <suite name="Default suite" duration-ms="3309" started-at="2019-04-23T10:36:12Z" finished-at="2019-04-23T10:36:15Z">
    <groups>
    </groups>
    <test name="Default test" duration-ms="3309" started-at="2019-04-23T10:36:12Z" finished-at="2019-04-23T10:36:15Z">
      <class name="com.RAssuresd.AppTest">
        <test-method status="PASS" signature="testResponseCode()[pri:0, instance:com.RAssuresd.AppTest@4cc0edeb]" name="testResponseCode" duration-ms="3284" started-at="2019-04-23T10:36:12Z" finished-at="2019-04-23T10:36:15Z">
          <reporter-output>
          </reporter-output>
        </test-method> <!-- testResponseCode -->
      </class> <!-- com.RAssuresd.AppTest -->
    </test> <!-- Default test -->
  </suite> <!-- Default suite -->
</testng-results>
